Certifying site: 'eZ Publish' www.efl.es  v4.7.0

Legend:
Success: No issues found with tested element.
Success with warnings: No issues found, but certain results should be manually inspected.
Suboptimal: Not considered a problem, but has room for improvement.
Failure: This means that the issue should be resolved.


+--------------------------------------------------------------------------------
| Success : System set INI check
+--------------------------------------------------------------------------------

+--------------------------------------------------------------------------------
| Success : PHP Safe mode
+--------------------------------------------------------------------------------

+--------------------------------------------------------------------------------
| Success : eZ.no monitor connection
+--------------------------------------------------------------------------------

+--------------------------------------------------------------------------------
| Success : System Patch command check
+--------------------------------------------------------------------------------

+--------------------------------------------------------------------------------
| Success : System Diff command check
+--------------------------------------------------------------------------------

+--------------------------------------------------------------------------------
| Success : Symlink check
+--------------------------------------------------------------------------------

*********************************************************************************
* FAILED : eZ Publish PHP MD5 check
* Some PHP files has been altered from the eZ Publish 4.7.0 version.
* Please correct these files.
* design/admin2/stylesheets/pagelayout.css
* design/admin2/templates/shop/orderview.tpl
* index.php
*********************************************************************************

+--------------------------------------------------------------------------------
| Success with warnings : Checking for new and modified templates in default designs
| The template: 'design/admin/templates/state/view.tpl' is not part of the default design.
| The template: 'design/admin/templates/state/assign.tpl' is not part of the default design.
| The template: 'design/admin/templates/state/groups.tpl' is not part of the default design.
| The template: 'design/admin/templates/error/kernel/5.tpl' is not part of the default design.
| The template: 'design/admin/templates/collaboration/participation/view/text_linked/usergroup.tpl' is not part of the default design.
| The template: 'design/admin/templates/collaboration/participation/view/text_linked/user.tpl' is not part of the default design.
| The template: 'design/admin/templates/workflow/eventtype/edit/event_ezsimpleshipping.tpl' is not part of the default design.
| The template: 'design/admin/templates/content/edit_conflict.tpl' is not part of the default design.
| The template: 'design/admin/templates/content/versions.tpl' is not part of the default design.
| The template: 'design/admin/templates/content/diff.tpl' is not part of the default design.
| The template: 'design/admin2/templates/encuesta/config.tpl' is not part of the default design.
| The default template: 'design/admin2/templates/shop/orderview.tpl' has been modified.
| The template: 'design/admin2/templates/error/kernel/5.tpl' is not part of the default design.
| The template: 'design/admin2/templates/collaboration/participation/view/text_linked/usergroup.tpl' is not part of the default design.
| The template: 'design/admin2/templates/collaboration/participation/view/text_linked/user.tpl' is not part of the default design.
| The template: 'design/admin2/templates/workflow/eventtype/edit/event_ezsimpleshipping.tpl' is not part of the default design.
| The template: 'design/admin2/templates/user/activate.tpl' is not part of the default design.
| The template: 'design/admin2/templates/content/versions.tpl' is not part of the default design.
| The template: 'design/admin2/templates/content/diff.tpl' is not part of the default design.
| The template: 'design/admin2/templates/children_list.tpl' is not part of the default design.
| The template: 'design/admin2/templates/roles.tpl' is not part of the default design.
| The template: 'design/admin2/templates/children_thumbnail.tpl' is not part of the default design.
| The template: 'design/admin2/templates/policies.tpl' is not part of the default design.
| The template: 'design/admin2/override/templates/windows_user.tpl' is not part of the default design.
| The template: 'design/admin2/override/templates/window_controls_user.tpl' is not part of the default design.
| The template: 'design/standard/templates/content/versions.tpl' is not part of the default design.
| The template: 'design/standard/templates/content/diff.tpl' is not part of the default design.
+--------------------------------------------------------------------------------

+--------------------------------------------------------------------------------
| Success : Extension checks
| Default siteaccess: newhome
+--------------------------------------------------------------------------------

+--------------------------------------------------------------------------------
| Success : Extension development INI settings
+--------------------------------------------------------------------------------

+--------------------------------------------------------------------------------
| Success : Extension data type count
| Extension ezflow contains : 1 datatype(s). ( ezpage )
| Extension ezgmaplocation contains : 1 datatype(s). ( ezgmaplocation )
| Extension ezstarrating contains : 1 datatype(s). ( ezsrrating )
| Extension cjw_newsletter contains : 3 datatype(s). ( cjwnewsletteredition, cjwnewsletterlist, cjwnewslettersubscription )
| Extension ezhumancaptcha contains : 1 datatype(s). ( ezhumancaptcha )
| Extension ezsurvey contains : 1 datatype(s). ( ezsurvey )
| Extension utils contains : 5 datatype(s). ( customezpage, customezprice, eztextcolor, mementixdiscount )
| Extension objectrelationbrowse contains : 1 datatype(s). ( ezobjectrelationbrowse )
| Extension ezvideoflv contains : 1 datatype(s). ( ezvideoflv )
| Total data type count ( including eZ Publish ) : 49
+--------------------------------------------------------------------------------

*********************************************************************************
* FAILED : Database settings check
* Not InnoDB database table "cjwnl_blacklist_item" detected for SiteAccess : site
* Not InnoDB database table "cjwnl_edition" detected for SiteAccess : site
* Not InnoDB database table "cjwnl_edition_send" detected for SiteAccess : site
* Not InnoDB database table "cjwnl_edition_send_item" detected for SiteAccess : site
* Not InnoDB database table "cjwnl_import" detected for SiteAccess : site
* Not InnoDB database table "cjwnl_list" detected for SiteAccess : site
* Not InnoDB database table "cjwnl_mailbox" detected for SiteAccess : site
* Not InnoDB database table "cjwnl_mailbox_item" detected for SiteAccess : site
* Not InnoDB database table "cjwnl_subscription" detected for SiteAccess : site
* Not InnoDB database table "cjwnl_user" detected for SiteAccess : site
* Not InnoDB database table "ebooks_regalo" detected for SiteAccess : site
* Not InnoDB database table "ezm_pool_efl" detected for SiteAccess : site
* Not InnoDB database table "ezmeta_data" detected for SiteAccess : site
* Not InnoDB database table "ezvideoflv" detected for SiteAccess : site
* Not InnoDB database table "fezmeta_data" detected for SiteAccess : site
* Not InnoDB database table "valoraciones_productos" detected for SiteAccess : site
* Not InnoDB database table "cjwnl_blacklist_item" detected for SiteAccess : newhome
* Not InnoDB database table "cjwnl_edition" detected for SiteAccess : newhome
* Not InnoDB database table "cjwnl_edition_send" detected for SiteAccess : newhome
* Not InnoDB database table "cjwnl_edition_send_item" detected for SiteAccess : newhome
* Not InnoDB database table "cjwnl_import" detected for SiteAccess : newhome
* Not InnoDB database table "cjwnl_list" detected for SiteAccess : newhome
* Not InnoDB database table "cjwnl_mailbox" detected for SiteAccess : newhome
* Not InnoDB database table "cjwnl_mailbox_item" detected for SiteAccess : newhome
* Not InnoDB database table "cjwnl_subscription" detected for SiteAccess : newhome
* Not InnoDB database table "cjwnl_user" detected for SiteAccess : newhome
* Not InnoDB database table "ebooks_regalo" detected for SiteAccess : newhome
* Not InnoDB database table "ezm_pool_efl" detected for SiteAccess : newhome
* Not InnoDB database table "ezmeta_data" detected for SiteAccess : newhome
* Not InnoDB database table "ezvideoflv" detected for SiteAccess : newhome
* Not InnoDB database table "fezmeta_data" detected for SiteAccess : newhome
* Not InnoDB database table "valoraciones_productos" detected for SiteAccess : newhome
* Not InnoDB database table "cjwnl_blacklist_item" detected for SiteAccess : administracion
* Not InnoDB database table "cjwnl_edition" detected for SiteAccess : administracion
* Not InnoDB database table "cjwnl_edition_send" detected for SiteAccess : administracion
* Not InnoDB database table "cjwnl_edition_send_item" detected for SiteAccess : administracion
* Not InnoDB database table "cjwnl_import" detected for SiteAccess : administracion
* Not InnoDB database table "cjwnl_list" detected for SiteAccess : administracion
* Not InnoDB database table "cjwnl_mailbox" detected for SiteAccess : administracion
* Not InnoDB database table "cjwnl_mailbox_item" detected for SiteAccess : administracion
* Not InnoDB database table "cjwnl_subscription" detected for SiteAccess : administracion
* Not InnoDB database table "cjwnl_user" detected for SiteAccess : administracion
* Not InnoDB database table "ebooks_regalo" detected for SiteAccess : administracion
* Not InnoDB database table "ezm_pool_efl" detected for SiteAccess : administracion
* Not InnoDB database table "ezmeta_data" detected for SiteAccess : administracion
* Not InnoDB database table "ezvideoflv" detected for SiteAccess : administracion
* Not InnoDB database table "fezmeta_data" detected for SiteAccess : administracion
* Not InnoDB database table "valoraciones_productos" detected for SiteAccess : administracion
* Not InnoDB database table "cjwnl_blacklist_item" detected for SiteAccess : test
* Not InnoDB database table "cjwnl_edition" detected for SiteAccess : test
* Not InnoDB database table "cjwnl_edition_send" detected for SiteAccess : test
* Not InnoDB database table "cjwnl_edition_send_item" detected for SiteAccess : test
* Not InnoDB database table "cjwnl_import" detected for SiteAccess : test
* Not InnoDB database table "cjwnl_list" detected for SiteAccess : test
* Not InnoDB database table "cjwnl_mailbox" detected for SiteAccess : test
* Not InnoDB database table "cjwnl_mailbox_item" detected for SiteAccess : test
* Not InnoDB database table "cjwnl_subscription" detected for SiteAccess : test
* Not InnoDB database table "cjwnl_user" detected for SiteAccess : test
* Not InnoDB database table "ebooks_regalo" detected for SiteAccess : test
* Not InnoDB database table "ezm_pool_efl" detected for SiteAccess : test
* Not InnoDB database table "ezmeta_data" detected for SiteAccess : test
* Not InnoDB database table "ezvideoflv" detected for SiteAccess : test
* Not InnoDB database table "fezmeta_data" detected for SiteAccess : test
* Not InnoDB database table "valoraciones_productos" detected for SiteAccess : test
* Not InnoDB database table "cjwnl_blacklist_item" detected for SiteAccess : forma
* Not InnoDB database table "cjwnl_edition" detected for SiteAccess : forma
* Not InnoDB database table "cjwnl_edition_send" detected for SiteAccess : forma
* Not InnoDB database table "cjwnl_edition_send_item" detected for SiteAccess : forma
* Not InnoDB database table "cjwnl_import" detected for SiteAccess : forma
* Not InnoDB database table "cjwnl_list" detected for SiteAccess : forma
* Not InnoDB database table "cjwnl_mailbox" detected for SiteAccess : forma
* Not InnoDB database table "cjwnl_mailbox_item" detected for SiteAccess : forma
* Not InnoDB database table "cjwnl_subscription" detected for SiteAccess : forma
* Not InnoDB database table "cjwnl_user" detected for SiteAccess : forma
* Not InnoDB database table "ebooks_regalo" detected for SiteAccess : forma
* Not InnoDB database table "ezm_pool_efl" detected for SiteAccess : forma
* Not InnoDB database table "ezmeta_data" detected for SiteAccess : forma
* Not InnoDB database table "ezvideoflv" detected for SiteAccess : forma
* Not InnoDB database table "fezmeta_data" detected for SiteAccess : forma
* Not InnoDB database table "valoraciones_productos" detected for SiteAccess : forma
* Not InnoDB database table "cjwnl_blacklist_item" detected for SiteAccess : adminfrance
* Not InnoDB database table "cjwnl_edition" detected for SiteAccess : adminfrance
* Not InnoDB database table "cjwnl_edition_send" detected for SiteAccess : adminfrance
* Not InnoDB database table "cjwnl_edition_send_item" detected for SiteAccess : adminfrance
* Not InnoDB database table "cjwnl_import" detected for SiteAccess : adminfrance
* Not InnoDB database table "cjwnl_list" detected for SiteAccess : adminfrance
* Not InnoDB database table "cjwnl_mailbox" detected for SiteAccess : adminfrance
* Not InnoDB database table "cjwnl_mailbox_item" detected for SiteAccess : adminfrance
* Not InnoDB database table "cjwnl_subscription" detected for SiteAccess : adminfrance
* Not InnoDB database table "cjwnl_user" detected for SiteAccess : adminfrance
* Not InnoDB database table "ebooks_regalo" detected for SiteAccess : adminfrance
* Not InnoDB database table "ezm_pool_efl" detected for SiteAccess : adminfrance
* Not InnoDB database table "ezmeta_data" detected for SiteAccess : adminfrance
* Not InnoDB database table "ezvideoflv" detected for SiteAccess : adminfrance
* Not InnoDB database table "fezmeta_data" detected for SiteAccess : adminfrance
* Not InnoDB database table "valoraciones_productos" detected for SiteAccess : adminfrance
*********************************************************************************

+--------------------------------------------------------------------------------
| Success : Database charset check
| SiteAccess : site - DB charset set to : "utf-8", DB Charset is : "utf-8"
| SiteAccess : newhome - DB charset set to : "utf-8", DB Charset is : "utf-8"
| SiteAccess : administracion - DB charset set to : "utf-8", DB Charset is : "utf-8"
| SiteAccess : test - DB charset set to : "utf-8", DB Charset is : "utf-8"
| SiteAccess : forma - DB charset set to : "utf-8", DB Charset is : "utf-8"
| SiteAccess : adminfrance - DB charset set to : "utf-8", DB Charset is : "utf-8"
+--------------------------------------------------------------------------------

+--------------------------------------------------------------------------------
| Success : Cronjob extension settings
| Default siteaccess: newhome
+--------------------------------------------------------------------------------

+--------------------------------------------------------------------------------
| Success : Mod MBString check
+--------------------------------------------------------------------------------

+--------------------------------------------------------------------------------
| Success : Mod Suhosin check
+--------------------------------------------------------------------------------

+--------------------------------------------------------------------------------
| Success : Image handling
| GD not detected.
| ImageMagic detected: 6.6.0
+--------------------------------------------------------------------------------

+--------------------------------------------------------------------------------
| Success : eZ Publish statistics
| Content statistics (adminfrance):
| Class: Usuario              - object count: 7489
| Class: Item Rss             - object count: 4230
| Class: Archivo              - object count: 683
| Class: Imagen               - object count: 510
| Class: Ventajas producto    - object count: 315
| Class: Producto             - object count: 289
| Class: Testimonio           - object count: 230
| Class: Carpeta              - object count: 216
| Class: Ponente              - object count: 125
| Class: Pregunta frecuente   - object count: 108
| Class: Curso Presencial     - object count: 102
| Class: Novedades producto   - object count: 91
| Class: Grupo de Usuarios    - object count: 70
| Class: Condiciones producto - object count: 65
| Class: Faqs producto        - object count: 59
| Class: Sección del Boletín - object count: 57
| Class: Cursos Formación Nautis / Mementix - object count: 46
| Class: Subhome              - object count: 39
| Class: Código Descuento    - object count: 36
| Class: Producto Relacionado - object count: 36
| Class: Versión Nautis      - object count: 33
| Class: Valoraciones producto - object count: 31
| Class: Opinión Clientes    - object count: 31
| Class: Promoción primaria  - object count: 28
| Class: CJW Newsletter Edition - object count: 28
| Class: Nota de prensa       - object count: 27
| Class: Promoción primaria con objeto relacionado - object count: 25
| Class: Categoría FAQ       - object count: 21
| Class: Sumario producto     - object count: 14
| Class: Video Guias          - object count: 13
| Class: Ebook de regalo      - object count: 13
| Class: Curso a Distancia    - object count: 12
| Class: Área de interés    - object count: 11
| Class: Producto Nautis      - object count: 10
| Class: Bases producto       - object count: 10
| Class: Página de texto     - object count: 7
| Class: Módulo destacado    - object count: 7
| Class: Casos de éxito      - object count: 7
| Class: Frontpage            - object count: 6
| Class: Vídeo               - object count: 6
| Class: Enlace a blog        - object count: 6
| Class: Sector               - object count: 5
| Class: eConferencia         - object count: 5
| Class: Canal Rss            - object count: 5
| Class: Promoción iMemento  - object count: 5
| Class: Formato              - object count: 4
| Class: Valor                - object count: 4
| Class: Pago aplazado        - object count: 3
| Class: Página de acceso    - object count: 3
| Class: Curso Blended        - object count: 2
| Class: Módulo ventajas de compra - object count: 2
| Class: URL Youtube          - object count: 2
| Class:  Promoción QMementix  - object count: 2
| Class: Common ini settings  - object count: 1
| Class: Template look        - object count: 1
| Class: Master               - object count: 1
| Class: Tabla de precios Mementix - object count: 1
| Class: Encuesta             - object count: 1
| Class: Noticia              - object count: 1
| Class: Contacto             - object count: 1
| Class: Fechas de edición   - object count: 1
| Class: Formulario de Información de Colectivo - object count: 1
| Class: Formulario de Petición de Contacto - object count: 1
| Class: Formulario de Petición de Prueba de Producto - object count: 1
| Class: Formulario de Newsletter - object count: 1
| Class: Formación Nautis / Mementix - object count: 1
| Class: Producto Mementix    - object count: 1
| Class: Producto Nautis4     - object count: 1
| Class: Formulario de petición de contacto en Formación - object count: 1
| Class: Formulario formación a medida - object count: 1
| Class: formulario de prueba - object count: 1
| Class: Formulario sugerencias colectivos - object count: 1
| Class: Encuesta RPSM        - object count: 1
| Class: Formulario de inscripción recursos PSM - object count: 1
| Class: Formulario Upgrade RPSM - object count: 1
| Class: CJW Newsletter Root  - object count: 1
| Class: CJW Newsletter System - object count: 1
| Class: Lista de suscripción de la Newsletter - object count: 1
| Class: Encuesta RPSM SAGE   - object count: 1
| Class: Formulario Upgrade RPSM SAGE - object count: 1
| Class: Formulario de inscripción recursos PSM SAGE - object count: 1
| Class: Formación Nautis / Mementix SAGE - object count: 1
| Class: Textos auxiliares pie de página - object count: 1
| Class: Producto iMemento    - object count: 1
| Class: Tabla de precios iMemento - object count: 1
| Class: Producto QMementix   - object count: 1
| Class: Tabla de Descuentos Qmementix - object count: 1
| Class: Formulario de Petición de Prueba de Qmementix - object count: 1
| Class: Formulario de Petición de Prueba de Imemento - object count: 1
| Class: Global layout        - object count: 0
| Class: Colectivo            - object count: 0
| Class: Atributo de encuesta - object count: 0
| Class: Usuario Colectivo    - object count: 0
| Class: Formación Express   - object count: 0
| Class: Flash                - object count: 0
| Class: Actualizaciones producto - object count: 0
| Class: Noticias producto    - object count: 0
| Class: Testimonios producto - object count: 0
| Class: Últimas noticias    - object count: 0
| Class: Notas relacionadas producto - object count: 0
| Class: Tabla de precios Qmementix  - object count: 0
| Total eZContentObject count: 15220
| 
| Shop statistics (adminfrance):
| Active order count: 3352
| 
| Role statistics (adminfrance):
| Role count: 7
+--------------------------------------------------------------------------------

+--------------------------------------------------------------------------------
| Success with warnings : Check PHP reference usage
| Invalid reference usage found: extension/objectrelationbrowse/modules/objectrelationbrowse/list.php: =& eZINI::instance(
| Invalid reference usage found: extension/objectrelationbrowse/modules/objectrelationbrowse/list.php: =& $Params['Module']
| Invalid reference usage found: extension/objectrelationbrowse/modules/objectrelationbrowse/list.php: =& eZHTTPTool::instance(
| Invalid reference usage found: extension/fezmetadata/actions/content_actionhandler.php: &$http
| Invalid reference usage found: extension/fezmetadata/actions/content_actionhandler.php: &$object
| Invalid reference usage found: extension/ezhumancaptcha/autoloads/ezhumancaptchatemplateoperator.php: &$tpl
| Invalid reference usage found: extension/collectexport/modules/collectexport/overview.php: =& templateInit(
| Invalid reference usage found: extension/collectexport/classes/export.php: =& eZContentObject::fetch(
| Invalid reference usage found: extension/novenutils/autoloads/novenstringutilities.php: &$tpl
| Invalid reference usage found: extension/novenutils/autoloads/novenmiscutilities.php: &$tpl
+--------------------------------------------------------------------------------

*********************************************************************************
* FAILED : Function list access checking block
* The view 'complete' in 'extension/utils/modules/domiciliacion/module.php' has a function 'paypal' which is not defined in the 'Function' array.
* The view 'login' in 'extension/utils/modules/producto/module.php' has a function 'login' which is not defined in the 'Function' array.
* The view 'forgotpassword' in 'extension/utils/modules/producto/module.php' has a function 'password' which is not defined in the 'Function' array.
* The view 'xmlproducts' in 'extension/utils/modules/producto/module.php' has a function 'kelkoo' which is not defined in the 'Function' array.
* The view 'cancel' in 'extension/utils/modules/tpv/module.php' has a function 'paypal' which is not defined in the 'Function' array.
*********************************************************************************

+--------------------------------------------------------------------------------
| Success : unique class names in ezinfo.php files
+--------------------------------------------------------------------------------
e05434d47f3e4a815903fd1de46f6eac
